  MyForm.cpp
C:\LR6\KSKS6ser\KSKS6ser\MyForm.h(778,32): warning C4566: character represented by universal-character-name '\u041D' cannot be represented in the current code page (1252)
C:\LR6\KSKS6ser\KSKS6ser\MyForm.h(778,32): warning C4566: character represented by universal-character-name '\u0435' cannot be represented in the current code page (1252)
C:\LR6\KSKS6ser\KSKS6ser\MyForm.h(778,32): warning C4566: character represented by universal-character-name '\u0432' cannot be represented in the current code page (1252)
C:\LR6\KSKS6ser\KSKS6ser\MyForm.h(778,32): warning C4566: character represented by universal-character-name '\u0440' cannot be represented in the current code page (1252)
C:\LR6\KSKS6ser\KSKS6ser\MyForm.h(778,32): warning C4566: character represented by universal-character-name '\u043D' cannot be represented in the current code page (1252)
C:\LR6\KSKS6ser\KSKS6ser\MyForm.h(778,32): warning C4566: character represented by universal-character-name '\u0430' cannot be represented in the current code page (1252)
C:\LR6\KSKS6ser\KSKS6ser\MyForm.h(778,32): warning C4566: character represented by universal-character-name '\u044F' cannot be represented in the current code page (1252)
C:\LR6\KSKS6ser\KSKS6ser\MyForm.h(778,32): warning C4566: character represented by universal-character-name '\u043A' cannot be represented in the current code page (1252)
C:\LR6\KSKS6ser\KSKS6ser\MyForm.h(778,32): warning C4566: character represented by universal-character-name '\u043E' cannot be represented in the current code page (1252)
C:\LR6\KSKS6ser\KSKS6ser\MyForm.h(778,32): warning C4566: character represented by universal-character-name '\u043C' cannot be represented in the current code page (1252)
C:\LR6\KSKS6ser\KSKS6ser\MyForm.h(778,32): warning C4566: character represented by universal-character-name '\u0434' cannot be represented in the current code page (1252)
C:\LR6\KSKS6ser\KSKS6ser\MyForm.h(785,50): warning C4566: character represented by universal-character-name '\u041D' cannot be represented in the current code page (1252)
C:\LR6\KSKS6ser\KSKS6ser\MyForm.h(785,50): warning C4566: character represented by universal-character-name '\u0435' cannot be represented in the current code page (1252)
C:\LR6\KSKS6ser\KSKS6ser\MyForm.h(785,50): warning C4566: character represented by universal-character-name '\u0432' cannot be represented in the current code page (1252)
C:\LR6\KSKS6ser\KSKS6ser\MyForm.h(785,50): warning C4566: character represented by universal-character-name '\u0440' cannot be represented in the current code page (1252)
C:\LR6\KSKS6ser\KSKS6ser\MyForm.h(785,50): warning C4566: character represented by universal-character-name '\u043D' cannot be represented in the current code page (1252)
C:\LR6\KSKS6ser\KSKS6ser\MyForm.h(785,50): warning C4566: character represented by universal-character-name '\u0430' cannot be represented in the current code page (1252)
C:\LR6\KSKS6ser\KSKS6ser\MyForm.h(785,50): warning C4566: character represented by universal-character-name '\u044F' cannot be represented in the current code page (1252)
C:\LR6\KSKS6ser\KSKS6ser\MyForm.h(785,50): warning C4566: character represented by universal-character-name '\u043A' cannot be represented in the current code page (1252)
C:\LR6\KSKS6ser\KSKS6ser\MyForm.h(785,50): warning C4566: character represented by universal-character-name '\u043E' cannot be represented in the current code page (1252)
C:\LR6\KSKS6ser\KSKS6ser\MyForm.h(785,50): warning C4566: character represented by universal-character-name '\u043C' cannot be represented in the current code page (1252)
C:\LR6\KSKS6ser\KSKS6ser\MyForm.h(785,50): warning C4566: character represented by universal-character-name '\u0434' cannot be represented in the current code page (1252)
C:\LR6\KSKS6ser\KSKS6ser\MyForm.h(250,61): warning C4244: 'argument': conversion from 'int' to 'float', possible loss of data
C:\LR6\KSKS6ser\KSKS6ser\MyForm.h(253,71): warning C4244: 'argument': conversion from 'int' to 'float', possible loss of data
C:\LR6\KSKS6ser\KSKS6ser\MyForm.h(256,69): warning C4244: 'argument': conversion from 'int' to 'float', possible loss of data
C:\LR6\KSKS6ser\KSKS6ser\MyForm.h(264,38): warning C4244: 'argument': conversion from 'int' to 'float', possible loss of data
C:\LR6\KSKS6ser\KSKS6ser\MyForm.h(269,49): warning C4244: 'argument': conversion from 'int' to 'float', possible loss of data
C:\LR6\KSKS6ser\KSKS6ser\MyForm.h(269,46): warning C4244: 'argument': conversion from 'int' to 'float', possible loss of data
C:\LR6\KSKS6ser\KSKS6ser\MyForm.h(284,61): warning C4244: 'argument': conversion from 'int' to 'float', possible loss of data
C:\LR6\KSKS6ser\KSKS6ser\MyForm.h(287,71): warning C4244: 'argument': conversion from 'int' to 'float', possible loss of data
C:\LR6\KSKS6ser\KSKS6ser\MyForm.h(290,69): warning C4244: 'argument': conversion from 'int' to 'float', possible loss of data
C:\LR6\KSKS6ser\KSKS6ser\MyForm.h(298,62): warning C4244: 'argument': conversion from 'int' to 'float', possible loss of data
C:\LR6\KSKS6ser\KSKS6ser\MyForm.h(298,59): warning C4244: 'argument': conversion from 'int' to 'float', possible loss of data
C:\LR6\KSKS6ser\KSKS6ser\MyForm.h(949,57): warning C4101: 'e': unreferenced local variable
  .NETFramework,Version=v4.7.2.AssemblyAttributes.cpp
  Generating Code...
  MyForm.obj : MSIL module encountered; incremental linking is disabled for MSIL; performing full link
  KSKS6ser.vcxproj -> C:\LR6\KSKS6ser\x64\Debug\KSKS6ser.exe
